<?xml version="1.0" encoding="UTF-8"?>
<testsuite xmlns:xsi="http://www.w3.org/2001/XMLSchema-instance" xsi:noNamespaceSchemaLocation="https://maven.apache.org/surefire/maven-surefire-plugin/xsd/surefire-test-report-3.0.xsd" version="3.0" name="com.example.employeeaccess.EligibilityServiceTest" time="1.01" tests="31" errors="0" skipped="0" failures="0">
  <properties>
[...]
</properties>
  <testcase name="nullEmployeeIsRejected" classname="com.example.employeeaccess.EligibilityServiceTest" time="0.161"/>
  <testcase name="exactlyTwentyOneIsEligible" classname="com.example.employeeaccess.EligibilityServiceTest" time="0.02"/>
  <testcase name="reasonsAreImmutable" classname="com.example.employeeaccess.EligibilityServiceTest" time="0.005"/>
  <testcase name="blankEmployeeFieldsAreRejected" classname="com.example.employeeaccess.EligibilityServiceTest" time="0.01"/>
  <testcase name="clearanceDeterminesAccess(SecurityClearance, AccessLevel, EligibilityStatus)[1]" classname="com.example.employeeaccess.EligibilityServiceTest" time="0.095"/>
  <testcase name="clearanceDeterminesAccess(SecurityClearance, AccessLevel, EligibilityStatus)[2]" classname="com.example.employeeaccess.EligibilityServiceTest" time="0.008"/>
  <testcase name="clearanceDeterminesAccess(SecurityClearance, AccessLevel, EligibilityStatus)[3]" classname="com.example.employeeaccess.EligibilityServiceTest" time="0.005"/>
  <testcase name="clearanceDeterminesAccess(SecurityClearance, AccessLevel, EligibilityStatus)[4]" classname="com.example.employeeaccess.EligibilityServiceTest" time="0.005"/>
  <testcase name="multipleFailuresAreReportedTogether" classname="com.example.employeeaccess.EligibilityServiceTest" time="0.005"/>
  <testcase name="authorizedDepartmentsAreAccepted(String)[1]" classname="com.example.employeeaccess.EligibilityServiceTest" time="0.019"/>
  <testcase name="authorizedDepartmentsAreAccepted(String)[2]" classname="com.example.employeeaccess.EligibilityServiceTest" time="0.01"/>
  <testcase name="authorizedDepartmentsAreAccepted(String)[3]" classname="com.example.employeeaccess.EligibilityServiceTest" time="0.005"/>
  <testcase name="authorizedDepartmentsAreAccepted(String)[4]" classname="com.example.employeeaccess.EligibilityServiceTest" time="0.0"/>
  <testcase name="authorizedDepartmentsAreAccepted(String)[5]" classname="com.example.employeeaccess.EligibilityServiceTest" time="0.0"/>
  <testcase name="authorizedDepartmentsAreAccepted(String)[6]" classname="com.example.employeeaccess.EligibilityServiceTest" time="0.0"/>
  <testcase name="nullAccessLevelIsRejected" classname="com.example.employeeaccess.EligibilityServiceTest" time="0.001"/>
  <testcase name="lowerClearanceIsConditionallyEligible" classname="com.example.employeeaccess.EligibilityServiceTest" time="0.0"/>
  <testcase name="eligibleEmployeeHasNoReasons" classname="com.example.employeeaccess.EligibilityServiceTest" time="0.005"/>
  <testcase name="invalidAgeIsRejected" classname="com.example.employeeaccess.EligibilityServiceTest" time="0.0"/>
  <testcase name="mandatoryFailuresAreReported(int, String, EmploymentStatus, boolean, String)[1]" classname="com.example.employeeaccess.EligibilityServiceTest" time="0.041"/>
  <testcase name="mandatoryFailuresAreReported(int, String, EmploymentStatus, boolean, String)[2]" classname="com.example.employeeaccess.EligibilityServiceTest" time="0.005"/>
  <testcase name="mandatoryFailuresAreReported(int, String, EmploymentStatus, boolean, String)[3]" classname="com.example.employeeaccess.EligibilityServiceTest" time="0.005"/>
  <testcase name="mandatoryFailuresAreReported(int, String, EmploymentStatus, boolean, String)[4]" classname="com.example.employeeaccess.EligibilityServiceTest" time="0.007"/>
  <testcase name="mandatoryFailuresAreReported(int, String, EmploymentStatus, boolean, String)[5]" classname="com.example.employeeaccess.EligibilityServiceTest" time="0.008"/>
  <testcase name="clearanceBoundaryIsInclusive(SecurityClearance, AccessLevel)[1]" classname="com.example.employeeaccess.EligibilityServiceTest" time="0.005"/>
  <testcase name="clearanceBoundaryIsInclusive(SecurityClearance, AccessLevel)[2]" classname="com.example.employeeaccess.EligibilityServiceTest" time="0.002"/>
  <testcase name="clearanceBoundaryIsInclusive(SecurityClearance, AccessLevel)[3]" classname="com.example.employeeaccess.EligibilityServiceTest" time="0.005"/>
  <testcase name="clearanceBoundaryIsInclusive(SecurityClearance, AccessLevel)[4]" classname="com.example.employeeaccess.EligibilityServiceTest" time="0.003"/>
  <testcase name="clearanceBoundaryIsInclusive(SecurityClearance, AccessLevel)[5]" classname="com.example.employeeaccess.EligibilityServiceTest" time="0.002"/>
  <testcase name="nullEmployeeFieldsAreRejected" classname="com.example.employeeaccess.EligibilityServiceTest" time="0.0"/>
  <testcase name="multipleEmployeesAreAssessedIndependently" classname="com.example.employeeaccess.EligibilityServiceTest" time="0.008"/>
</testsuite>